<?xml version="1.0" encoding="UTF-8"?>
<!-- Generated by org.testng.reporters.JUnitReportReporter -->
<testsuite hostname="Adarsh-MacBook-Pro.local" failures="0" tests="1" name="com.TheTestingAcademy.Test001" time="1.563" errors="0" timestamp="2024-09-21T21:40:40 IST" skipped="0">
  <testcase classname="com.TheTestingAcademy.Test001" name="test_get" time="1.563"/>
</testsuite> <!-- com.TheTestingAcademy.Test001 -->
