<?xml version="1.0" encoding="UTF-8"?>
<!-- Generated by org.testng.reporters.JUnitReportReporter -->
<testsuite hostname="Adarsh-MacBook-Pro.local" failures="0" tests="4" name="com.TheTestingAcademy.ex_21092024.testngexamples.CRUD.TestCaseIntegration" time="9.370" errors="0" timestamp="2024-09-21T21:40:40 IST" skipped="0">
  <testcase classname="com.TheTestingAcademy.ex_21092024.testngexamples.CRUD.TestCaseIntegration" name="test_update_request_put" time="3.392"/>
  <testcase classname="com.TheTestingAcademy.ex_21092024.testngexamples.CRUD.TestCaseIntegration" name="test_update_request_get" time="1.151"/>
  <testcase classname="com.TheTestingAcademy.ex_21092024.testngexamples.CRUD.TestCaseIntegration" name="test_delete_booking" time="3.668"/>
  <testcase classname="com.TheTestingAcademy.ex_21092024.testngexamples.CRUD.TestCaseIntegration" name="test_after_delete_request_get" time="1.159"/>
</testsuite> <!-- com.TheTestingAcademy.ex_21092024.testngexamples.CRUD.TestCaseIntegration -->
