<?xml version="1.0" encoding="UTF-8"?>
<!-- Generated by org.testng.reporters.JUnitReportReporter -->
<testsuite hostname="Adarsh-MacBook-Pro.local" failures="0" tests="1" name="com.TheTestingAcademy.ex_21092024.testngexamples.Assertions.Test011" time="1.772" errors="0" timestamp="2024-09-21T21:40:40 IST" skipped="0">
  <testcase classname="com.TheTestingAcademy.ex_21092024.testngexamples.Assertions.Test011" name="test_post" time="1.772"/>
</testsuite> <!-- com.TheTestingAcademy.ex_21092024.testngexamples.Assertions.Test011 -->
