<?xml version="1.0" encoding="UTF-8"?>
<!-- Generated by org.testng.reporters.JUnitReportReporter -->
<testsuite hostname="Adarsh-MacBook-Pro.local" failures="0" tests="3" name="com.TheTestingAcademy.ex_21092024.testngexamples.TestNG009" time="0.003" errors="0" timestamp="2024-09-21T21:40:40 IST" skipped="1">
  <testcase classname="com.TheTestingAcademy.ex_21092024.testngexamples.TestNG009" name="test01" time="0.002"/>
  <testcase classname="com.TheTestingAcademy.ex_21092024.testngexamples.TestNG009" name="test03" time="0.001"/>
  <testcase classname="com.TheTestingAcademy.ex_21092024.testngexamples.TestNG009" name="test02">
    <skipped/>
  </testcase> <!-- test02 -->
</testsuite> <!-- com.TheTestingAcademy.ex_21092024.testngexamples.TestNG009 -->
