<?xml version="1.0" encoding="UTF-8"?>
<!-- Generated by org.testng.reporters.JUnitReportReporter -->
<testsuite hostname="Adarsh-MacBook-Pro.local" failures="0" tests="1" name="com.TheTestingAcademy.ex_15092024.testng.Test001" time="0.001" errors="0" timestamp="2024-09-21T21:40:40 IST" skipped="0">
  <testcase classname="com.TheTestingAcademy.ex_15092024.testng.Test001" name="test_get" time="0.001"/>
</testsuite> <!-- com.TheTestingAcademy.ex_15092024.testng.Test001 -->
